Arguments: 
  C:\Program Files\nodejs\node.exe C:\Program Files (x86)\Yarn\bin\yarn.js init -t

PATH: 
  C:\Python39\Scripts\;C:\Python39\;C:\Python27\;C:\Python27\Scripts;C:\Program Files (x86)\Falcon\MinGW\bin;C:\Program Files (x86)\Common Files\Oracle\Java\javapath;C:\WINDOWS\system32;C:\WINDOWS;C:\WINDOWS\System32\Wbem;C:\WINDOWS\System32\WindowsPowerShell\v1.0\;C:\WINDOWS\System32\OpenSSH\;C:\Program Files\Java\jdk1.8.0_211\bin;C:\Users\MaryR\OneDrive\Documentos\dev\apache-maven-3.6.2\bin;C:\Program Files\Git\cmd;C:\Program Files\dotnet\;C:\src\flutter\bin;C:\Users\MaryR\AppData\Local\Android\Sdk;C:\Program Files\Dart\dart-sdk\bin;C:\Program Files\nodejs;C:\ProgramData\chocolatey\bin;C:\Program Files\Java\jdk1.8.0_211\bin;C:\Program Files (x86)\Yarn\bin\;C:\Users\MaryR\AppData\Local\Android\Sdk\platform-tools;C:\Program Files (x86)\Microsoft SQL Server\150\DTS\Binn\;C:\Program Files\nodejs\;C:\Ruby27-x64\bin;C:\Users\MaryR\AppData\Local\Programs\Python\Python37-32\Scripts\;C:\Users\MaryR\AppData\Local\Programs\Python\Python37-32\;C:\Users\MaryR\AppData\Local\Microsoft\WindowsApps;C:\Users\MaryR\AppData\Local\Programs\Microsoft VS Code\bin;C:\Program Files\JetBrains\IntelliJ IDEA 2019.2.3\bin;;C:\src\flutter\bin;C:\Users\MaryR\AppData\Local\Android\Sdk;C:\Program Files\nodejs;C:\Users\MaryR\AppData\Local\Yarn\bin;C:\Users\MaryR\AppData\Local\Android\Sdk\platform-tools;C:\Users\MaryR\AppData\Roaming\npm

Yarn version: 
  1.22.4

Node version: 
  12.18.4

Platform: 
  win32 x64

Trace: 
  Error: canceled
      at Interface.<anonymous> (C:\Program Files (x86)\Yarn\lib\cli.js:137008:13)
      at Interface.emit (events.js:315:20)
      at Interface._ttyWrite (readline.js:868:16)
      at ReadStream.onkeypress (readline.js:205:10)
      at ReadStream.emit (events.js:315:20)
      at emitKeys (internal/readline/utils.js:335:14)
      at emitKeys.next (<anonymous>)
      at ReadStream.onData (readline.js:1137:36)
      at ReadStream.emit (events.js:315:20)
      at addChunk (_stream_readable.js:295:12)

npm manifest: 
  No manifest

yarn manifest: 
  No manifest

Lockfile: 
  No lockfile
